<html>
<head>
<title>TestNG:  Default test</title>
<link href="../testng.css" rel="stylesheet" type="text/css" />
<link href="../my-testng.css" rel="stylesheet" type="text/css" />

<style type="text/css">
.log { display: none;} 
.stack-trace { display: none;} 
</style>
<script type="text/javascript">
<!--
function flip(e) {
  current = e.style.display;
  if (current == 'block') {
    e.style.display = 'none';
    return 0;
  }
  else {
    e.style.display = 'block';
    return 1;
  }
}

function toggleBox(szDivId, elem, msg1, msg2)
{
  var res = -1;  if (document.getElementById) {
    res = flip(document.getElementById(szDivId));
  }
  else if (document.all) {
    // this is the way old msie versions work
    res = flip(document.all[szDivId]);
  }
  if(elem) {
    if(res == 0) elem.innerHTML = msg1; else elem.innerHTML = msg2;
  }

}

function toggleAllBoxes() {
  if (document.getElementsByTagName) {
    d = document.getElementsByTagName('div');
    for (i = 0; i < d.length; i++) {
      if (d[i].className == 'log') {
        flip(d[i]);
      }
    }
  }
}

// -->
</script>

</head>
<body>
<h2 align='center'>Default test</h2><table border='1' align="center">
<tr>
<td>Tests passed/Failed/Skipped:</td><td>18/2/0</td>
</tr><tr>
<td>Started on:</td><td>Tue Oct 08 13:12:07 GMT+01:00 2024</td>
</tr>
<tr><td>Total time:</td><td>575 seconds (575390 ms)</td>
</tr><tr>
<td>Included groups:</td><td></td>
</tr><tr>
<td>Excluded groups:</td><td></td>
</tr>
</table><p/>
<small><i>(Hover the method name to see the test class name)</i></small><p/>
<table width='100%' border='1' class='invocation-failed'>
<tr><td colspan='4' align='center'><b>FAILED TESTS</b></td></tr>
<tr><td><b>Test method</b></td>
<td><b>Attribute(s)</b></td>
<td width="30%"><b>Exception</b></td>
<td width="10%"><b>Time (seconds)</b></td>
<td><b>Instance</b></td>
</tr>
<tr>
<td title='testng.runner.RunCucumberTest.runScenario()'><b>runScenario</b><br>Test class: testng.runner.RunCucumberTest<br>Test method: Runs Cucumber Scenarios<br>Parameters: "Check registration with all required fields", "Registration Fonctionality"</td>
<td><div><pre>org.openqa.selenium.NoSuchElementException: no such element: Unable to locate element: {&quot;method&quot;:&quot;xpath&quot;,&quot;selector&quot;:&quot;//main[@id=&apos;maincontent&apos;]/descendant::div[@class=&apos;message-success success message&apos;]&quot;}
  (Session info: chrome=129.0.6668.90)
For documentation on this error, please visit: https://www.selenium.dev/documentation/webdriver/troubleshooting/errors#no-such-element-exception
Build info: version: &apos;4.25.0&apos;, revision: &apos;8a8aea2337&apos;
System info: os.name: &apos;Windows 10&apos;, os.arch: &apos;amd64&apos;, os.version: &apos;10.0&apos;, java.version: &apos;11.0.24&apos;
Driver info: org.openqa.selenium.chrome.ChromeDriver
Command: [99da1329864d808cc5669d7b861a634c, findElement {value=//main[@id=&apos;maincontent&apos;]/descendant::div[@class=&apos;message-success success message&apos;], using=xpath}]
Capabilities {acceptInsecureCerts: false, browserName: chrome, browserVersion: 129.0.6668.90, chrome: {chromedriverVersion: 129.0.6668.89 (951c0b97221f..., userDataDir: C:\Users\hedi\AppData\Local...}, fedcm:accounts: true, goog:chromeOptions: {debuggerAddress: localhost:51915}, networkConnectionEnabled: false, pageLoadStrategy: normal, platformName: windows, proxy: Proxy(), se:cdp: ws://localhost:51915/devtoo..., se:cdpVersion: 129.0.6668.90, setWindowRect: true, strictFileInteractability: false, timeouts: {implicit: 0, pageLoad: 300000, script: 30000}, unhandledPromptBehavior: dismiss and notify, webauthn:extension:credBlob: true, webauthn:extension:largeBlob: true, webauthn:extension:minPinLength: true, webauthn:extension:prf: true, webauthn:virtualAuthenticators: true}
Session ID: 99da1329864d808cc5669d7b861a634c
	at java.base/jdk.internal.reflect.NativeConstructorAccessorImpl.newInstance0(Native Method)
	at java.base/jdk.internal.reflect.NativeConstructorAccessorImpl.newInstance(NativeConstructorAccessorImpl.java:62)
	at java.base/jdk.internal.reflect.DelegatingConstructorAccessorImpl.newInstance(DelegatingConstructorAccessorImpl.java:45)
	at java.base/java.lang.reflect.Constructor.newInstance(Constructor.java:490)
	at org.openqa.selenium.remote.ErrorCodec.decode(ErrorCodec.java:167)
	at org.openqa.selenium.remote.codec.w3c.W3CHttpResponseCodec.decode(W3CHttpResponseCodec.java:138)
	at org.openqa.selenium.remote.codec.w3c.W3CHttpResponseCodec.decode(W3CHttpResponseCodec.java:50)
	at org.openqa.selenium.remote.HttpCommandExecutor.execute(HttpCommandExecutor.java:190)
	at org.openqa.selenium.remote.service.DriverCommandExecutor.invokeExecute(DriverCommandExecutor.java:216)
	at org.openqa.selenium.remote.service.DriverCommandExecutor.execute(DriverCommandExecutor.java:174)
	at org.openqa.selenium.remote.RemoteWebDriver.execute(RemoteWebDriver.java:545)
	at org.openqa.selenium.remote.ElementLocation$ElementFinder$2.findElement(ElementLocation.java:165)
	at org.openqa.selenium.remote.ElementLocation.findElement(ElementLocation.java:59)
	at org.openqa.selenium.remote.RemoteWebDriver.findElement(RemoteWebDriver.java:368)
	at org.openqa.selenium.remote.RemoteWebDriver.findElement(RemoteWebDriver.java:362)
	at stepDefinitions.RegistrationSteps.registration_confirm_message_is_displayed(RegistrationSteps.java:59)
	at ✽.registration confirm message is displayed(file:///C:/Users/hedi/eclipse-workspace/AutomationWebTest_POM_V1/BDDProject/src/test/resources/Features/1.registration.feature:14)
</pre></div><a href='#' onClick='toggleBox("stack-trace1401095299", this, "Click to show all stack frames", "Click to hide stack frames")'>Click to show all stack frames</a>
<div class='stack-trace' id='stack-trace1401095299'><pre>org.openqa.selenium.NoSuchElementException: no such element: Unable to locate element: {&quot;method&quot;:&quot;xpath&quot;,&quot;selector&quot;:&quot;//main[@id=&apos;maincontent&apos;]/descendant::div[@class=&apos;message-success success message&apos;]&quot;}
  (Session info: chrome=129.0.6668.90)
For documentation on this error, please visit: https://www.selenium.dev/documentation/webdriver/troubleshooting/errors#no-such-element-exception
Build info: version: &apos;4.25.0&apos;, revision: &apos;8a8aea2337&apos;
System info: os.name: &apos;Windows 10&apos;, os.arch: &apos;amd64&apos;, os.version: &apos;10.0&apos;, java.version: &apos;11.0.24&apos;
Driver info: org.openqa.selenium.chrome.ChromeDriver
Command: [99da1329864d808cc5669d7b861a634c, findElement {value=//main[@id=&apos;maincontent&apos;]/descendant::div[@class=&apos;message-success success message&apos;], using=xpath}]
Capabilities {acceptInsecureCerts: false, browserName: chrome, browserVersion: 129.0.6668.90, chrome: {chromedriverVersion: 129.0.6668.89 (951c0b97221f..., userDataDir: C:\Users\hedi\AppData\Local...}, fedcm:accounts: true, goog:chromeOptions: {debuggerAddress: localhost:51915}, networkConnectionEnabled: false, pageLoadStrategy: normal, platformName: windows, proxy: Proxy(), se:cdp: ws://localhost:51915/devtoo..., se:cdpVersion: 129.0.6668.90, setWindowRect: true, strictFileInteractability: false, timeouts: {implicit: 0, pageLoad: 300000, script: 30000}, unhandledPromptBehavior: dismiss and notify, webauthn:extension:credBlob: true, webauthn:extension:largeBlob: true, webauthn:extension:minPinLength: true, webauthn:extension:prf: true, webauthn:virtualAuthenticators: true}
Session ID: 99da1329864d808cc5669d7b861a634c
	at java.base/jdk.internal.reflect.NativeConstructorAccessorImpl.newInstance0(Native Method)
	at java.base/jdk.internal.reflect.NativeConstructorAccessorImpl.newInstance(NativeConstructorAccessorImpl.java:62)
	at java.base/jdk.internal.reflect.DelegatingConstructorAccessorImpl.newInstance(DelegatingConstructorAccessorImpl.java:45)
	at java.base/java.lang.reflect.Constructor.newInstance(Constructor.java:490)
	at org.openqa.selenium.remote.ErrorCodec.decode(ErrorCodec.java:167)
	at org.openqa.selenium.remote.codec.w3c.W3CHttpResponseCodec.decode(W3CHttpResponseCodec.java:138)
	at org.openqa.selenium.remote.codec.w3c.W3CHttpResponseCodec.decode(W3CHttpResponseCodec.java:50)
	at org.openqa.selenium.remote.HttpCommandExecutor.execute(HttpCommandExecutor.java:190)
	at org.openqa.selenium.remote.service.DriverCommandExecutor.invokeExecute(DriverCommandExecutor.java:216)
	at org.openqa.selenium.remote.service.DriverCommandExecutor.execute(DriverCommandExecutor.java:174)
	at org.openqa.selenium.remote.RemoteWebDriver.execute(RemoteWebDriver.java:545)
	at org.openqa.selenium.remote.ElementLocation$ElementFinder$2.findElement(ElementLocation.java:165)
	at org.openqa.selenium.remote.ElementLocation.findElement(ElementLocation.java:59)
	at org.openqa.selenium.remote.RemoteWebDriver.findElement(RemoteWebDriver.java:368)
	at org.openqa.selenium.remote.RemoteWebDriver.findElement(RemoteWebDriver.java:362)
	at stepDefinitions.RegistrationSteps.registration_confirm_message_is_displayed(RegistrationSteps.java:59)
	at ✽.registration confirm message is displayed(file:///C:/Users/hedi/eclipse-workspace/AutomationWebTest_POM_V1/BDDProject/src/test/resources/Features/1.registration.feature:14)
</pre></div></td>
<td>27</td>
<td>testng.runner.RunCucumberTest@33065d67</td></tr>
<tr>
<td title='testng.runner.RunCucumberTest.runScenario()'><b>runScenario</b><br>Test class: testng.runner.RunCucumberTest<br>Test method: Runs Cucumber Scenarios<br>Parameters: "Check login with valid credentials", "login functionality"</td>
<td><div><pre>org.openqa.selenium.NoSuchElementException: no such element: Unable to locate element: {&quot;method&quot;:&quot;css selector&quot;,&quot;selector&quot;:&quot;.logged\-in&quot;}
  (Session info: chrome=129.0.6668.90)
For documentation on this error, please visit: https://www.selenium.dev/documentation/webdriver/troubleshooting/errors#no-such-element-exception
Build info: version: &apos;4.25.0&apos;, revision: &apos;8a8aea2337&apos;
System info: os.name: &apos;Windows 10&apos;, os.arch: &apos;amd64&apos;, os.version: &apos;10.0&apos;, java.version: &apos;11.0.24&apos;
Driver info: org.openqa.selenium.chrome.ChromeDriver
Command: [e557ad31d5a3ffd0da2fc7f7bb1ef624, findElement {value=logged-in, using=class name}]
Capabilities {acceptInsecureCerts: false, browserName: chrome, browserVersion: 129.0.6668.90, chrome: {chromedriverVersion: 129.0.6668.89 (951c0b97221f..., userDataDir: C:\Users\hedi\AppData\Local...}, fedcm:accounts: true, goog:chromeOptions: {debuggerAddress: localhost:52010}, networkConnectionEnabled: false, pageLoadStrategy: normal, platformName: windows, proxy: Proxy(), se:cdp: ws://localhost:52010/devtoo..., se:cdpVersion: 129.0.6668.90, setWindowRect: true, strictFileInteractability: false, timeouts: {implicit: 0, pageLoad: 300000, script: 30000}, unhandledPromptBehavior: dismiss and notify, webauthn:extension:credBlob: true, webauthn:extension:largeBlob: true, webauthn:extension:minPinLength: true, webauthn:extension:prf: true, webauthn:virtualAuthenticators: true}
Session ID: e557ad31d5a3ffd0da2fc7f7bb1ef624
	at java.base/jdk.internal.reflect.NativeConstructorAccessorImpl.newInstance0(Native Method)
	at java.base/jdk.internal.reflect.NativeConstructorAccessorImpl.newInstance(NativeConstructorAccessorImpl.java:62)
	at java.base/jdk.internal.reflect.DelegatingConstructorAccessorImpl.newInstance(DelegatingConstructorAccessorImpl.java:45)
	at java.base/java.lang.reflect.Constructor.newInstance(Constructor.java:490)
	at org.openqa.selenium.remote.ErrorCodec.decode(ErrorCodec.java:167)
	at org.openqa.selenium.remote.codec.w3c.W3CHttpResponseCodec.decode(W3CHttpResponseCodec.java:138)
	at org.openqa.selenium.remote.codec.w3c.W3CHttpResponseCodec.decode(W3CHttpResponseCodec.java:50)
	at org.openqa.selenium.remote.HttpCommandExecutor.execute(HttpCommandExecutor.java:190)
	at org.openqa.selenium.remote.service.DriverCommandExecutor.invokeExecute(DriverCommandExecutor.java:216)
	at org.openqa.selenium.remote.service.DriverCommandExecutor.execute(DriverCommandExecutor.java:174)
	at org.openqa.selenium.remote.RemoteWebDriver.execute(RemoteWebDriver.java:545)
	at org.openqa.selenium.remote.ElementLocation$ElementFinder$2.findElement(ElementLocation.java:165)
	at org.openqa.selenium.remote.ElementLocation.findElement(ElementLocation.java:66)
	at org.openqa.selenium.remote.RemoteWebDriver.findElement(RemoteWebDriver.java:368)
	at org.openqa.selenium.remote.RemoteWebDriver.findElement(RemoteWebDriver.java:362)
	at stepDefinitions.LoginSteps.succesLogin(LoginSteps.java:57)
	at ✽.user is navigated to home page(file:///C:/Users/hedi/eclipse-workspace/AutomationWebTest_POM_V1/BDDProject/src/test/resources/Features/2.login.feature:10)
</pre></div><a href='#' onClick='toggleBox("stack-trace2094770768", this, "Click to show all stack frames", "Click to hide stack frames")'>Click to show all stack frames</a>
<div class='stack-trace' id='stack-trace2094770768'><pre>org.openqa.selenium.NoSuchElementException: no such element: Unable to locate element: {&quot;method&quot;:&quot;css selector&quot;,&quot;selector&quot;:&quot;.logged\-in&quot;}
  (Session info: chrome=129.0.6668.90)
For documentation on this error, please visit: https://www.selenium.dev/documentation/webdriver/troubleshooting/errors#no-such-element-exception
Build info: version: &apos;4.25.0&apos;, revision: &apos;8a8aea2337&apos;
System info: os.name: &apos;Windows 10&apos;, os.arch: &apos;amd64&apos;, os.version: &apos;10.0&apos;, java.version: &apos;11.0.24&apos;
Driver info: org.openqa.selenium.chrome.ChromeDriver
Command: [e557ad31d5a3ffd0da2fc7f7bb1ef624, findElement {value=logged-in, using=class name}]
Capabilities {acceptInsecureCerts: false, browserName: chrome, browserVersion: 129.0.6668.90, chrome: {chromedriverVersion: 129.0.6668.89 (951c0b97221f..., userDataDir: C:\Users\hedi\AppData\Local...}, fedcm:accounts: true, goog:chromeOptions: {debuggerAddress: localhost:52010}, networkConnectionEnabled: false, pageLoadStrategy: normal, platformName: windows, proxy: Proxy(), se:cdp: ws://localhost:52010/devtoo..., se:cdpVersion: 129.0.6668.90, setWindowRect: true, strictFileInteractability: false, timeouts: {implicit: 0, pageLoad: 300000, script: 30000}, unhandledPromptBehavior: dismiss and notify, webauthn:extension:credBlob: true, webauthn:extension:largeBlob: true, webauthn:extension:minPinLength: true, webauthn:extension:prf: true, webauthn:virtualAuthenticators: true}
Session ID: e557ad31d5a3ffd0da2fc7f7bb1ef624
	at java.base/jdk.internal.reflect.NativeConstructorAccessorImpl.newInstance0(Native Method)
	at java.base/jdk.internal.reflect.NativeConstructorAccessorImpl.newInstance(NativeConstructorAccessorImpl.java:62)
	at java.base/jdk.internal.reflect.DelegatingConstructorAccessorImpl.newInstance(DelegatingConstructorAccessorImpl.java:45)
	at java.base/java.lang.reflect.Constructor.newInstance(Constructor.java:490)
	at org.openqa.selenium.remote.ErrorCodec.decode(ErrorCodec.java:167)
	at org.openqa.selenium.remote.codec.w3c.W3CHttpResponseCodec.decode(W3CHttpResponseCodec.java:138)
	at org.openqa.selenium.remote.codec.w3c.W3CHttpResponseCodec.decode(W3CHttpResponseCodec.java:50)
	at org.openqa.selenium.remote.HttpCommandExecutor.execute(HttpCommandExecutor.java:190)
	at org.openqa.selenium.remote.service.DriverCommandExecutor.invokeExecute(DriverCommandExecutor.java:216)
	at org.openqa.selenium.remote.service.DriverCommandExecutor.execute(DriverCommandExecutor.java:174)
	at org.openqa.selenium.remote.RemoteWebDriver.execute(RemoteWebDriver.java:545)
	at org.openqa.selenium.remote.ElementLocation$ElementFinder$2.findElement(ElementLocation.java:165)
	at org.openqa.selenium.remote.ElementLocation.findElement(ElementLocation.java:66)
	at org.openqa.selenium.remote.RemoteWebDriver.findElement(RemoteWebDriver.java:368)
	at org.openqa.selenium.remote.RemoteWebDriver.findElement(RemoteWebDriver.java:362)
	at stepDefinitions.LoginSteps.succesLogin(LoginSteps.java:57)
	at ✽.user is navigated to home page(file:///C:/Users/hedi/eclipse-workspace/AutomationWebTest_POM_V1/BDDProject/src/test/resources/Features/2.login.feature:10)
</pre></div></td>
<td>32</td>
<td>testng.runner.RunCucumberTest@33065d67</td></tr>
</table><p>
<table width='100%' border='1' class='invocation-passed'>
<tr><td colspan='4' align='center'><b>PASSED TESTS</b></td></tr>
<tr><td><b>Test method</b></td>
<td><b>Attribute(s)</b></td>
<td width="30%"><b>Exception</b></td>
<td width="10%"><b>Time (seconds)</b></td>
<td><b>Instance</b></td>
</tr>
<tr>
<td title='testng.runner.RunCucumberTest.runScenario()'><b>runScenario</b><br>Test class: testng.runner.RunCucumberTest<br>Test method: Runs Cucumber Scenarios<br>Parameters: "Check User Can Order Product", "Product Order Fonctionalty"</td>
<td></td>
<td>65</td>
<td>testng.runner.RunCucumberTest@33065d67</td></tr>
<tr>
<td title='testng.runner.RunCucumberTest.runScenario()'><b>runScenario</b><br>Test class: testng.runner.RunCucumberTest<br>Test method: Runs Cucumber Scenarios<br>Parameters: "Check login with valid e-mail and invalid password", "login functionality"</td>
<td></td>
<td>21</td>
<td>testng.runner.RunCucumberTest@33065d67</td></tr>
<tr>
<td title='testng.runner.RunCucumberTest.runScenario()'><b>runScenario</b><br>Test class: testng.runner.RunCucumberTest<br>Test method: Runs Cucumber Scenarios<br>Parameters: "Check login with valid e-mail and invalid password", "login functionality"</td>
<td></td>
<td>21</td>
<td>testng.runner.RunCucumberTest@33065d67</td></tr>
<tr>
<td title='testng.runner.RunCucumberTest.runScenario()'><b>runScenario</b><br>Test class: testng.runner.RunCucumberTest<br>Test method: Runs Cucumber Scenarios<br>Parameters: "Search Product manualy", "Search For Product"</td>
<td></td>
<td>32</td>
<td>testng.runner.RunCucumberTest@33065d67</td></tr>
<tr>
<td title='testng.runner.RunCucumberTest.runScenario()'><b>runScenario</b><br>Test class: testng.runner.RunCucumberTest<br>Test method: Runs Cucumber Scenarios<br>Parameters: "Check login with invalid e-mail and valid password", "login functionality"</td>
<td></td>
<td>24</td>
<td>testng.runner.RunCucumberTest@33065d67</td></tr>
<tr>
<td title='testng.runner.RunCucumberTest.runScenario()'><b>runScenario</b><br>Test class: testng.runner.RunCucumberTest<br>Test method: Runs Cucumber Scenarios<br>Parameters: "Check user can not login with old password after change it", "Change Password"</td>
<td></td>
<td>21</td>
<td>testng.runner.RunCucumberTest@33065d67</td></tr>
<tr>
<td title='testng.runner.RunCucumberTest.runScenario()'><b>runScenario</b><br>Test class: testng.runner.RunCucumberTest<br>Test method: Runs Cucumber Scenarios<br>Parameters: "Search Product with Auto-Suggestion", "Search For Product"</td>
<td></td>
<td>28</td>
<td>testng.runner.RunCucumberTest@33065d67</td></tr>
<tr>
<td title='testng.runner.RunCucumberTest.runScenario()'><b>runScenario</b><br>Test class: testng.runner.RunCucumberTest<br>Test method: Runs Cucumber Scenarios<br>Parameters: "Check login with invalid e-mail and valid password", "login functionality"</td>
<td></td>
<td>24</td>
<td>testng.runner.RunCucumberTest@33065d67</td></tr>
<tr>
<td title='testng.runner.RunCucumberTest.runScenario()'><b>runScenario</b><br>Test class: testng.runner.RunCucumberTest<br>Test method: Runs Cucumber Scenarios<br>Parameters: "Try to enter different confirm password", "Change Password"</td>
<td></td>
<td>33</td>
<td>testng.runner.RunCucumberTest@33065d67</td></tr>
<tr>
<td title='testng.runner.RunCucumberTest.runScenario()'><b>runScenario</b><br>Test class: testng.runner.RunCucumberTest<br>Test method: Runs Cucumber Scenarios<br>Parameters: "Search Product With Hover on Main store", "Search For Product"</td>
<td></td>
<td>26</td>
<td>testng.runner.RunCucumberTest@33065d67</td></tr>
<tr>
<td title='testng.runner.RunCucumberTest.runScenario()'><b>runScenario</b><br>Test class: testng.runner.RunCucumberTest<br>Test method: Runs Cucumber Scenarios<br>Parameters: "Check login with valid e-mail and invalid password", "login functionality"</td>
<td></td>
<td>23</td>
<td>testng.runner.RunCucumberTest@33065d67</td></tr>
<tr>
<td title='testng.runner.RunCucumberTest.runScenario()'><b>runScenario</b><br>Test class: testng.runner.RunCucumberTest<br>Test method: Runs Cucumber Scenarios<br>Parameters: "Check login with invalid e-mail and valid password", "login functionality"</td>
<td></td>
<td>24</td>
<td>testng.runner.RunCucumberTest@33065d67</td></tr>
<tr>
<td title='testng.runner.RunCucumberTest.runScenario()'><b>runScenario</b><br>Test class: testng.runner.RunCucumberTest<br>Test method: Runs Cucumber Scenarios<br>Parameters: "Check Registration with existing user e-mail", "Registration Fonctionality"</td>
<td></td>
<td>21</td>
<td>testng.runner.RunCucumberTest@33065d67</td></tr>
<tr>
<td title='testng.runner.RunCucumberTest.runScenario()'><b>runScenario</b><br>Test class: testng.runner.RunCucumberTest<br>Test method: Runs Cucumber Scenarios<br>Parameters: "Check login with empty credentials", "login functionality"</td>
<td></td>
<td>22</td>
<td>testng.runner.RunCucumberTest@33065d67</td></tr>
<tr>
<td title='testng.runner.RunCucumberTest.runScenario()'><b>runScenario</b><br>Test class: testng.runner.RunCucumberTest<br>Test method: Runs Cucumber Scenarios<br>Parameters: "Check login with invalid e-mail and valid password", "login functionality"</td>
<td></td>
<td>28</td>
<td>testng.runner.RunCucumberTest@33065d67</td></tr>
<tr>
<td title='testng.runner.RunCucumberTest.runScenario()'><b>runScenario</b><br>Test class: testng.runner.RunCucumberTest<br>Test method: Runs Cucumber Scenarios<br>Parameters: "Check registration when skip a required field", "Registration Fonctionality"</td>
<td></td>
<td>21</td>
<td>testng.runner.RunCucumberTest@33065d67</td></tr>
<tr>
<td title='testng.runner.RunCucumberTest.runScenario()'><b>runScenario</b><br>Test class: testng.runner.RunCucumberTest<br>Test method: Runs Cucumber Scenarios<br>Parameters: "Check login with invalid e-mail and invalid password", "login functionality"</td>
<td></td>
<td>27</td>
<td>testng.runner.RunCucumberTest@33065d67</td></tr>
<tr>
<td title='testng.runner.RunCucumberTest.runScenario()'><b>runScenario</b><br>Test class: testng.runner.RunCucumberTest<br>Test method: Runs Cucumber Scenarios<br>Parameters: "Check logged in user can change password", "Change Password"</td>
<td></td>
<td>43</td>
<td>testng.runner.RunCucumberTest@33065d67</td></tr>
</table><p>
</body>
</html>